# JRE version: Java(TM) SE Runtime Environment (8.0_161-b12) (build 1.8.0_161-b12)
# Java VM: Java HotSpot(TM) 64-Bit Server VM (25.161-b12 mixed mode windows-amd64 compressed oops)
Heap:
 PSYoungGen      total 131584K, used 62977K [0x00000000e1180000, 0x00000000ec200000, 0x0000000100000000)
  eden space 117248K, 41% used [0x00000000e1180000,0x00000000e41082e0,0x00000000e8400000)
  from space 14336K, 99% used [0x00000000e8400000,0x00000000e91f8200,0x00000000e9200000)
  to   space 18944K, 0% used [0x00000000eaf80000,0x00000000eaf80000,0x00000000ec200000)
 ParOldGen       total 57856K, used 28202K [0x00000000a3400000, 0x00000000a6c80000, 0x00000000e1180000)
  object space 57856K, 48% used [0x00000000a3400000,0x00000000a4f8aa38,0x00000000a6c80000)
 Metaspace       used 50232K, capacity 51922K, committed 52224K, reserved 1093632K
  class space    used 6835K, capacity 7301K, committed 7424K, reserved 1048576K
GC Heap History (10 events):
Event: 19.543 GC heap before
{Heap before GC invocations=9 (full 1):
 PSYoungGen      total 103936K, used 92355K [0x00000000e1180000, 0x00000000e8880000, 0x0000000100000000)
  eden space 94208K, 89% used [0x00000000e1180000,0x00000000e63a7230,0x00000000e6d80000)
  from space 9728K, 84% used [0x00000000e6d80000,0x00000000e7589ac0,0x00000000e7700000)
  to   space 10752K, 0% used [0x00000000e7e00000,0x00000000e7e00000,0x00000000e8880000)
 ParOldGen       total 57856K, used 12425K [0x00000000a3400000, 0x00000000a6c80000, 0x00000000e1180000)
  object space 57856K, 21% used [0x00000000a3400000,0x00000000a40227c0,0x00000000a6c80000)
 Metaspace       used 34592K, capacity 35134K, committed 35456K, reserved 1079296K
  class space    used 4728K, capacity 4901K, committed 4992K, reserved 1048576K
Event: 19.567 GC heap after
Heap after GC invocations=9 (full 1):
 PSYoungGen      total 108544K, used 10751K [0x00000000e1180000, 0x00000000eaa80000, 0x0000000100000000)
  eden space 97792K, 0% used [0x00000000e1180000,0x00000000e1180000,0x00000000e7100000)
  from space 10752K, 99% used [0x00000000e7e00000,0x00000000e887fe08,0x00000000e8880000)
  to   space 13312K, 0% used [0x00000000e7100000,0x00000000e7100000,0x00000000e7e00000)
 ParOldGen       total 57856K, used 15110K [0x00000000a3400000, 0x00000000a6c80000, 0x00000000e1180000)
  object space 57856K, 26% used [0x00000000a3400000,0x00000000a42c1a38,0x00000000a6c80000)
 Metaspace       used 34592K, capacity 35134K, committed 35456K, reserved 1079296K
  class space    used 4728K, capacity 4901K, committed 4992K, reserved 1048576K
}
Event: 19.567 GC heap before
{Heap before GC invocations=10 (full 2):
 PSYoungGen      total 108544K, used 10751K [0x00000000e1180000, 0x00000000eaa80000, 0x0000000100000000)
  eden space 97792K, 0% used [0x00000000e1180000,0x00000000e1180000,0x00000000e7100000)
  from space 10752K, 99% used [0x00000000e7e00000,0x00000000e887fe08,0x00000000e8880000)
  to   space 13312K, 0% used [0x00000000e7100000,0x00000000e7100000,0x00000000e7e00000)
 ParOldGen       total 57856K, used 15110K [0x00000000a3400000, 0x00000000a6c80000, 0x00000000e1180000)
  object space 57856K, 26% used [0x00000000a3400000,0x00000000a42c1a38,0x00000000a6c80000)
 Metaspace       used 34592K, capacity 35134K, committed 35456K, reserved 1079296K
  class space    used 4728K, capacity 4901K, committed 4992K, reserved 1048576K
Event: 19.743 GC heap after
Heap after GC invocations=10 (full 2):
 PSYoungGen      total 108544K, used 0K [0x00000000e1180000, 0x00000000eaa80000, 0x0000000100000000)
  eden space 97792K, 0% used [0x00000000e1180000,0x00000000e1180000,0x00000000e7100000)
  from space 10752K, 0% used [0x00000000e7e00000,0x00000000e7e00000,0x00000000e8880000)
  to   space 13312K, 0% used [0x00000000e7100000,0x00000000e7100000,0x00000000e7e00000)
 ParOldGen       total 57856K, used 20640K [0x00000000a3400000, 0x00000000a6c80000, 0x00000000e1180000)
  object space 57856K, 35% used [0x00000000a3400000,0x00000000a48283e0,0x00000000a6c80000)
 Metaspace       used 34592K, capacity 35134K, committed 35456K, reserved 1079296K
  class space    used 4728K, capacity 4901K, committed 4992K, reserved 1048576K
}
Event: 29.795 GC heap before
{Heap before GC invocations=11 (full 2):
 PSYoungGen      total 108544K, used 97792K [0x00000000e1180000, 0x00000000eaa80000, 0x0000000100000000)
  eden space 97792K, 100% used [0x00000000e1180000,0x00000000e7100000,0x00000000e7100000)
  from space 10752K, 0% used [0x00000000e7e00000,0x00000000e7e00000,0x00000000e8880000)
  to   space 13312K, 0% used [0x00000000e7100000,0x00000000e7100000,0x00000000e7e00000)
 ParOldGen       total 57856K, used 20640K [0x00000000a3400000, 0x00000000a6c80000, 0x00000000e1180000)
  object space 57856K, 35% used [0x00000000a3400000,0x00000000a48283e0,0x00000000a6c80000)
 Metaspace       used 41944K, capacity 42696K, committed 43136K, reserved 1087488K
  class space    used 5694K, capacity 5919K, committed 6016K, reserved 1048576K
Event: 29.807 GC heap after
Heap after GC invocations=11 (full 2):
 PSYoungGen      total 111104K, used 7841K [0x00000000e1180000, 0x00000000e9e80000, 0x0000000100000000)
  eden space 97792K, 0% used [0x00000000e1180000,0x00000000e1180000,0x00000000e7100000)
  from space 13312K, 58% used [0x00000000e7100000,0x00000000e78a8528,0x00000000e7e00000)
  to   space 12800K, 0% used [0x00000000e9200000,0x00000000e9200000,0x00000000e9e80000)
 ParOldGen       total 57856K, used 20712K [0x00000000a3400000, 0x00000000a6c80000, 0x00000000e1180000)
  object space 57856K, 35% used [0x00000000a3400000,0x00000000a483a3f0,0x00000000a6c80000)
 Metaspace       used 41944K, capacity 42696K, committed 43136K, reserved 1087488K
  class space    used 5694K, capacity 5919K, committed 6016K, reserved 1048576K
}
Event: 33.741 GC heap before
{Heap before GC invocations=12 (full 2):
 PSYoungGen      total 111104K, used 105633K [0x00000000e1180000, 0x00000000e9e80000, 0x0000000100000000)
  eden space 97792K, 100% used [0x00000000e1180000,0x00000000e7100000,0x00000000e7100000)
  from space 13312K, 58% used [0x00000000e7100000,0x00000000e78a8528,0x00000000e7e00000)
  to   space 12800K, 0% used [0x00000000e9200000,0x00000000e9200000,0x00000000e9e80000)
 ParOldGen       total 57856K, used 20712K [0x00000000a3400000, 0x00000000a6c80000, 0x00000000e1180000)
  object space 57856K, 35% used [0x00000000a3400000,0x00000000a483a3f0,0x00000000a6c80000)
 Metaspace       used 46638K, capacity 47840K, committed 48000K, reserved 1091584K
  class space    used 6394K, capacity 6720K, committed 6784K, reserved 1048576K
Event: 33.763 GC heap after
Heap after GC invocations=12 (full 2):
 PSYoungGen      total 130048K, used 12784K [0x00000000e1180000, 0x00000000ea080000, 0x0000000100000000)
  eden space 117248K, 0% used [0x00000000e1180000,0x00000000e1180000,0x00000000e8400000)
  from space 12800K, 99% used [0x00000000e9200000,0x00000000e9e7c090,0x00000000e9e80000)
  to   space 14336K, 0% used [0x00000000e8400000,0x00000000e8400000,0x00000000e9200000)
 ParOldGen       total 57856K, used 20763K [0x00000000a3400000, 0x00000000a6c80000, 0x00000000e1180000)
  object space 57856K, 35% used [0x00000000a3400000,0x00000000a4846e60,0x00000000a6c80000)
 Metaspace       used 46638K, capacity 47840K, committed 48000K, reserved 1091584K
  class space    used 6394K, capacity 6720K, committed 6784K, reserved 1048576K
}
Event: 36.934 GC heap before
{Heap before GC invocations=13 (full 2):
 PSYoungGen      total 130048K, used 130032K [0x00000000e1180000, 0x00000000ea080000, 0x0000000100000000)
  eden space 117248K, 100% used [0x00000000e1180000,0x00000000e8400000,0x00000000e8400000)
  from space 12800K, 99% used [0x00000000e9200000,0x00000000e9e7c090,0x00000000e9e80000)
  to   space 14336K, 0% used [0x00000000e8400000,0x00000000e8400000,0x00000000e9200000)
 ParOldGen       total 57856K, used 20763K [0x00000000a3400000, 0x00000000a6c80000, 0x00000000e1180000)
  object space 57856K, 35% used [0x00000000a3400000,0x00000000a4846e60,0x00000000a6c80000)
 Metaspace       used 50079K, capacity 51740K, committed 51840K, reserved 1093632K
  class space    used 6830K, capacity 7292K, committed 7296K, reserved 1048576K
Event: 36.968 GC heap after
Heap after GC invocations=13 (full 2):
 PSYoungGen      total 131584K, used 14304K [0x00000000e1180000, 0x00000000ec200000, 0x0000000100000000)
  eden space 117248K, 0% used [0x00000000e1180000,0x00000000e1180000,0x00000000e8400000)
  from space 14336K, 99% used [0x00000000e8400000,0x00000000e91f8200,0x00000000e9200000)
  to   space 18944K, 0% used [0x00000000eaf80000,0x00000000eaf80000,0x00000000ec200000)
 ParOldGen       total 57856K, used 28202K [0x00000000a3400000, 0x00000000a6c80000, 0x00000000e1180000)
  object space 57856K, 48% used [0x00000000a3400000,0x00000000a4f8aa38,0x00000000a6c80000)
 Metaspace       used 50079K, capacity 51740K, committed 51840K, reserved 1093632K
  class space    used 6830K, capacity 7292K, committed 7296K, reserved 1048576K
}

