# JRE version: Java(TM) SE Runtime Environment (8.0_161-b12) (build 1.8.0_161-b12)
# Java VM: Java HotSpot(TM) 64-Bit Server VM (25.161-b12 mixed mode windows-amd64 compressed oops)
Heap:
 PSYoungGen      total 104448K, used 32092K [0x00000000e1180000, 0x00000000ea780000, 0x0000000100000000)
  eden space 95232K, 24% used [0x00000000e1180000,0x00000000e27d72a8,0x00000000e6e80000)
  from space 9216K, 100% used [0x00000000e7d80000,0x00000000e8680000,0x00000000e8680000)
  to   space 15360K, 0% used [0x00000000e6e80000,0x00000000e6e80000,0x00000000e7d80000)
 ParOldGen       total 72192K, used 37134K [0x00000000a3400000, 0x00000000a7a80000, 0x00000000e1180000)
  object space 72192K, 51% used [0x00000000a3400000,0x00000000a58438d8,0x00000000a7a80000)
 Metaspace       used 53594K, capacity 55294K, committed 55424K, reserved 1097728K
  class space    used 7279K, capacity 7761K, committed 7808K, reserved 1048576K
GC Heap History (10 events):
Event: 32.812 GC heap before
{Heap before GC invocations=14 (full 2):
 PSYoungGen      total 87552K, used 3153K [0x00000000e1180000, 0x00000000e7100000, 0x0000000100000000)
  eden space 78848K, 0% used [0x00000000e1180000,0x00000000e1180000,0x00000000e5e80000)
  from space 8704K, 36% used [0x00000000e6700000,0x00000000e6a14748,0x00000000e6f80000)
  to   space 8704K, 0% used [0x00000000e5e80000,0x00000000e5e80000,0x00000000e6700000)
 ParOldGen       total 47616K, used 18339K [0x00000000a3400000, 0x00000000a6280000, 0x00000000e1180000)
  object space 47616K, 38% used [0x00000000a3400000,0x00000000a45e8ee8,0x00000000a6280000)
 Metaspace       used 34583K, capacity 35134K, committed 35456K, reserved 1079296K
  class space    used 4734K, capacity 4901K, committed 4992K, reserved 1048576K
Event: 33.023 GC heap after
Heap after GC invocations=14 (full 2):
 PSYoungGen      total 87552K, used 0K [0x00000000e1180000, 0x00000000e7100000, 0x0000000100000000)
  eden space 78848K, 0% used [0x00000000e1180000,0x00000000e1180000,0x00000000e5e80000)
  from space 8704K, 0% used [0x00000000e6700000,0x00000000e6700000,0x00000000e6f80000)
  to   space 8704K, 0% used [0x00000000e5e80000,0x00000000e5e80000,0x00000000e6700000)
 ParOldGen       total 72192K, used 18523K [0x00000000a3400000, 0x00000000a7a80000, 0x00000000e1180000)
  object space 72192K, 25% used [0x00000000a3400000,0x00000000a4616e80,0x00000000a7a80000)
 Metaspace       used 34583K, capacity 35134K, committed 35456K, reserved 1079296K
  class space    used 4734K, capacity 4901K, committed 4992K, reserved 1048576K
}
Event: 35.125 GC heap before
{Heap before GC invocations=15 (full 2):
 PSYoungGen      total 87552K, used 78848K [0x00000000e1180000, 0x00000000e7100000, 0x0000000100000000)
  eden space 78848K, 100% used [0x00000000e1180000,0x00000000e5e80000,0x00000000e5e80000)
  from space 8704K, 0% used [0x00000000e6700000,0x00000000e6700000,0x00000000e6f80000)
  to   space 8704K, 0% used [0x00000000e5e80000,0x00000000e5e80000,0x00000000e6700000)
 ParOldGen       total 72192K, used 18523K [0x00000000a3400000, 0x00000000a7a80000, 0x00000000e1180000)
  object space 72192K, 25% used [0x00000000a3400000,0x00000000a4616e80,0x00000000a7a80000)
 Metaspace       used 40843K, capacity 41568K, committed 41984K, reserved 1085440K
  class space    used 5572K, capacity 5801K, committed 5888K, reserved 1048576K
Event: 35.137 GC heap after
Heap after GC invocations=15 (full 2):
 PSYoungGen      total 87552K, used 6098K [0x00000000e1180000, 0x00000000e8680000, 0x0000000100000000)
  eden space 78848K, 0% used [0x00000000e1180000,0x00000000e1180000,0x00000000e5e80000)
  from space 8704K, 70% used [0x00000000e5e80000,0x00000000e6474910,0x00000000e6700000)
  to   space 9216K, 0% used [0x00000000e7d80000,0x00000000e7d80000,0x00000000e8680000)
 ParOldGen       total 72192K, used 18595K [0x00000000a3400000, 0x00000000a7a80000, 0x00000000e1180000)
  object space 72192K, 25% used [0x00000000a3400000,0x00000000a4628e90,0x00000000a7a80000)
 Metaspace       used 40843K, capacity 41568K, committed 41984K, reserved 1085440K
  class space    used 5572K, capacity 5801K, committed 5888K, reserved 1048576K
}
Event: 41.122 GC heap before
{Heap before GC invocations=16 (full 2):
 PSYoungGen      total 87552K, used 84946K [0x00000000e1180000, 0x00000000e8680000, 0x0000000100000000)
  eden space 78848K, 100% used [0x00000000e1180000,0x00000000e5e80000,0x00000000e5e80000)
  from space 8704K, 70% used [0x00000000e5e80000,0x00000000e6474910,0x00000000e6700000)
  to   space 9216K, 0% used [0x00000000e7d80000,0x00000000e7d80000,0x00000000e8680000)
 ParOldGen       total 72192K, used 18595K [0x00000000a3400000, 0x00000000a7a80000, 0x00000000e1180000)
  object space 72192K, 25% used [0x00000000a3400000,0x00000000a4628e90,0x00000000a7a80000)
 Metaspace       used 46160K, capacity 47098K, committed 47360K, reserved 1089536K
  class space    used 6270K, capacity 6561K, committed 6656K, reserved 1048576K
Event: 41.143 GC heap after
Heap after GC invocations=16 (full 2):
 PSYoungGen      total 108032K, used 9203K [0x00000000e1180000, 0x00000000e8800000, 0x0000000100000000)
  eden space 98816K, 0% used [0x00000000e1180000,0x00000000e1180000,0x00000000e7200000)
  from space 9216K, 99% used [0x00000000e7d80000,0x00000000e867ced0,0x00000000e8680000)
  to   space 11264K, 0% used [0x00000000e7200000,0x00000000e7200000,0x00000000e7d00000)
 ParOldGen       total 72192K, used 21846K [0x00000000a3400000, 0x00000000a7a80000, 0x00000000e1180000)
  object space 72192K, 30% used [0x00000000a3400000,0x00000000a4955b88,0x00000000a7a80000)
 Metaspace       used 46160K, capacity 47098K, committed 47360K, reserved 1089536K
  class space    used 6270K, capacity 6561K, committed 6656K, reserved 1048576K
}
Event: 44.624 GC heap before
{Heap before GC invocations=17 (full 2):
 PSYoungGen      total 108032K, used 108019K [0x00000000e1180000, 0x00000000e8800000, 0x0000000100000000)
  eden space 98816K, 100% used [0x00000000e1180000,0x00000000e7200000,0x00000000e7200000)
  from space 9216K, 99% used [0x00000000e7d80000,0x00000000e867ced0,0x00000000e8680000)
  to   space 11264K, 0% used [0x00000000e7200000,0x00000000e7200000,0x00000000e7d00000)
 ParOldGen       total 72192K, used 21846K [0x00000000a3400000, 0x00000000a7a80000, 0x00000000e1180000)
  object space 72192K, 30% used [0x00000000a3400000,0x00000000a4955b88,0x00000000a7a80000)
 Metaspace       used 50960K, capacity 52266K, committed 52480K, reserved 1093632K
  class space    used 6974K, capacity 7329K, committed 7424K, reserved 1048576K
Event: 44.650 GC heap after
Heap after GC invocations=17 (full 2):
 PSYoungGen      total 110080K, used 9260K [0x00000000e1180000, 0x00000000e8800000, 0x0000000100000000)
  eden space 98816K, 0% used [0x00000000e1180000,0x00000000e1180000,0x00000000e7200000)
  from space 11264K, 82% used [0x00000000e7200000,0x00000000e7b0b228,0x00000000e7d00000)
  to   space 9216K, 0% used [0x00000000e7d80000,0x00000000e7d80000,0x00000000e8680000)
 ParOldGen       total 72192K, used 30143K [0x00000000a3400000, 0x00000000a7a80000, 0x00000000e1180000)
  object space 72192K, 41% used [0x00000000a3400000,0x00000000a516fed8,0x00000000a7a80000)
 Metaspace       used 50960K, capacity 52266K, committed 52480K, reserved 1093632K
  class space    used 6974K, capacity 7329K, committed 7424K, reserved 1048576K
}
Event: 48.517 GC heap before
{Heap before GC invocations=18 (full 2):
 PSYoungGen      total 110080K, used 108076K [0x00000000e1180000, 0x00000000e8800000, 0x0000000100000000)
  eden space 98816K, 100% used [0x00000000e1180000,0x00000000e7200000,0x00000000e7200000)
  from space 11264K, 82% used [0x00000000e7200000,0x00000000e7b0b228,0x00000000e7d00000)
  to   space 9216K, 0% used [0x00000000e7d80000,0x00000000e7d80000,0x00000000e8680000)
 ParOldGen       total 72192K, used 30143K [0x00000000a3400000, 0x00000000a7a80000, 0x00000000e1180000)
  object space 72192K, 41% used [0x00000000a3400000,0x00000000a516fed8,0x00000000a7a80000)
 Metaspace       used 53514K, capacity 55160K, committed 55424K, reserved 1097728K
  class space    used 7275K, capacity 7760K, committed 7808K, reserved 1048576K
Event: 48.557 GC heap after
Heap after GC invocations=18 (full 2):
 PSYoungGen      total 104448K, used 9216K [0x00000000e1180000, 0x00000000ea780000, 0x0000000100000000)
  eden space 95232K, 0% used [0x00000000e1180000,0x00000000e1180000,0x00000000e6e80000)
  from space 9216K, 100% used [0x00000000e7d80000,0x00000000e8680000,0x00000000e8680000)
  to   space 15360K, 0% used [0x00000000e6e80000,0x00000000e6e80000,0x00000000e7d80000)
 ParOldGen       total 72192K, used 37134K [0x00000000a3400000, 0x00000000a7a80000, 0x00000000e1180000)
  object space 72192K, 51% used [0x00000000a3400000,0x00000000a58438d8,0x00000000a7a80000)
 Metaspace       used 53514K, capacity 55160K, committed 55424K, reserved 1097728K
  class space    used 7275K, capacity 7760K, committed 7808K, reserved 1048576K
}

