# JRE version: Java(TM) SE Runtime Environment (8.0_161-b12) (build 1.8.0_161-b12)
# Java VM: Java HotSpot(TM) 64-Bit Server VM (25.161-b12 mixed mode windows-amd64 compressed oops)
Heap:
 PSYoungGen      total 241664K, used 100024K [0x00000000e1180000, 0x00000000f0e80000, 0x0000000100000000)
  eden space 230400K, 38% used [0x00000000e1180000,0x00000000e6832bc0,0x00000000ef280000)
  from space 11264K, 99% used [0x00000000f0380000,0x00000000f0e7b668,0x00000000f0e80000)
  to   space 13312K, 45% used [0x00000000ef480000,0x00000000efa67f20,0x00000000f0180000)
 ParOldGen       total 51712K, used 37865K [0x00000000a3400000, 0x00000000a6680000, 0x00000000e1180000)
  object space 51712K, 73% used [0x00000000a3400000,0x00000000a58fa4c0,0x00000000a6680000)
 Metaspace       used 57299K, capacity 58894K, committed 59008K, reserved 1099776K
  class space    used 7529K, capacity 7953K, committed 8064K, reserved 1048576K
GC Heap History (10 events):
Event: 44.518 GC heap after
Heap after GC invocations=14 (full 2):
 PSYoungGen      total 122368K, used 8891K [0x00000000e1180000, 0x00000000e9800000, 0x0000000100000000)
  eden space 113152K, 0% used [0x00000000e1180000,0x00000000e1180000,0x00000000e8000000)
  from space 9216K, 96% used [0x00000000e8f00000,0x00000000e97aee10,0x00000000e9800000)
  to   space 10752K, 0% used [0x00000000e8300000,0x00000000e8300000,0x00000000e8d80000)
 ParOldGen       total 51712K, used 15806K [0x00000000a3400000, 0x00000000a6680000, 0x00000000e1180000)
  object space 51712K, 30% used [0x00000000a3400000,0x00000000a436fba8,0x00000000a6680000)
 Metaspace       used 37782K, capacity 38404K, committed 38912K, reserved 1083392K
  class space    used 5071K, capacity 5285K, committed 5376K, reserved 1048576K
}
Event: 57.313 GC heap before
{Heap before GC invocations=15 (full 2):
 PSYoungGen      total 122368K, used 122043K [0x00000000e1180000, 0x00000000e9800000, 0x0000000100000000)
  eden space 113152K, 100% used [0x00000000e1180000,0x00000000e8000000,0x00000000e8000000)
  from space 9216K, 96% used [0x00000000e8f00000,0x00000000e97aee10,0x00000000e9800000)
  to   space 10752K, 0% used [0x00000000e8300000,0x00000000e8300000,0x00000000e8d80000)
 ParOldGen       total 51712K, used 15806K [0x00000000a3400000, 0x00000000a6680000, 0x00000000e1180000)
  object space 51712K, 30% used [0x00000000a3400000,0x00000000a436fba8,0x00000000a6680000)
 Metaspace       used 45441K, capacity 46328K, committed 46592K, reserved 1089536K
  class space    used 6047K, capacity 6360K, committed 6400K, reserved 1048576K
Event: 57.354 GC heap after
Heap after GC invocations=15 (full 2):
 PSYoungGen      total 126976K, used 8858K [0x00000000e1180000, 0x00000000eca80000, 0x0000000100000000)
  eden space 116224K, 0% used [0x00000000e1180000,0x00000000e1180000,0x00000000e8300000)
  from space 10752K, 82% used [0x00000000e8300000,0x00000000e8ba6a78,0x00000000e8d80000)
  to   space 11264K, 0% used [0x00000000ebf80000,0x00000000ebf80000,0x00000000eca80000)
 ParOldGen       total 51712K, used 22773K [0x00000000a3400000, 0x00000000a6680000, 0x00000000e1180000)
  object space 51712K, 44% used [0x00000000a3400000,0x00000000a4a3d7e8,0x00000000a6680000)
 Metaspace       used 45441K, capacity 46328K, committed 46592K, reserved 1089536K
  class space    used 6047K, capacity 6360K, committed 6400K, reserved 1048576K
}
Event: 65.576 GC heap before
{Heap before GC invocations=16 (full 2):
 PSYoungGen      total 126976K, used 125082K [0x00000000e1180000, 0x00000000eca80000, 0x0000000100000000)
  eden space 116224K, 100% used [0x00000000e1180000,0x00000000e8300000,0x00000000e8300000)
  from space 10752K, 82% used [0x00000000e8300000,0x00000000e8ba6a78,0x00000000e8d80000)
  to   space 11264K, 0% used [0x00000000ebf80000,0x00000000ebf80000,0x00000000eca80000)
 ParOldGen       total 51712K, used 22773K [0x00000000a3400000, 0x00000000a6680000, 0x00000000e1180000)
  object space 51712K, 44% used [0x00000000a3400000,0x00000000a4a3d7e8,0x00000000a6680000)
 Metaspace       used 48637K, capacity 49652K, committed 50048K, reserved 1093632K
  class space    used 6371K, capacity 6690K, committed 6784K, reserved 1048576K
Event: 65.611 GC heap after
Heap after GC invocations=16 (full 2):
 PSYoungGen      total 178688K, used 5212K [0x00000000e1180000, 0x00000000ecb00000, 0x0000000100000000)
  eden space 167424K, 0% used [0x00000000e1180000,0x00000000e1180000,0x00000000eb500000)
  from space 11264K, 46% used [0x00000000ebf80000,0x00000000ec497258,0x00000000eca80000)
  to   space 10752K, 0% used [0x00000000eb500000,0x00000000eb500000,0x00000000ebf80000)
 ParOldGen       total 51712K, used 26720K [0x00000000a3400000, 0x00000000a6680000, 0x00000000e1180000)
  object space 51712K, 51% used [0x00000000a3400000,0x00000000a4e182b8,0x00000000a6680000)
 Metaspace       used 48637K, capacity 49652K, committed 50048K, reserved 1093632K
  class space    used 6371K, capacity 6690K, committed 6784K, reserved 1048576K
}
Event: 79.671 GC heap before
{Heap before GC invocations=17 (full 2):
 PSYoungGen      total 178688K, used 172636K [0x00000000e1180000, 0x00000000ecb00000, 0x0000000100000000)
  eden space 167424K, 100% used [0x00000000e1180000,0x00000000eb500000,0x00000000eb500000)
  from space 11264K, 46% used [0x00000000ebf80000,0x00000000ec497258,0x00000000eca80000)
  to   space 10752K, 0% used [0x00000000eb500000,0x00000000eb500000,0x00000000ebf80000)
 ParOldGen       total 51712K, used 26720K [0x00000000a3400000, 0x00000000a6680000, 0x00000000e1180000)
  object space 51712K, 51% used [0x00000000a3400000,0x00000000a4e182b8,0x00000000a6680000)
 Metaspace       used 48637K, capacity 49652K, committed 50048K, reserved 1093632K
  class space    used 6371K, capacity 6690K, committed 6784K, reserved 1048576K
Event: 79.679 GC heap after
Heap after GC invocations=17 (full 2):
 PSYoungGen      total 178176K, used 112K [0x00000000e1180000, 0x00000000f0e80000, 0x0000000100000000)
  eden space 167424K, 0% used [0x00000000e1180000,0x00000000e1180000,0x00000000eb500000)
  from space 10752K, 1% used [0x00000000eb500000,0x00000000eb51c010,0x00000000ebf80000)
  to   space 11264K, 0% used [0x00000000f0380000,0x00000000f0380000,0x00000000f0e80000)
 ParOldGen       total 51712K, used 30074K [0x00000000a3400000, 0x00000000a6680000, 0x00000000e1180000)
  object space 51712K, 58% used [0x00000000a3400000,0x00000000a515e850,0x00000000a6680000)
 Metaspace       used 48637K, capacity 49652K, committed 50048K, reserved 1093632K
  class space    used 6371K, capacity 6690K, committed 6784K, reserved 1048576K
}
Event: 103.808 GC heap before
{Heap before GC invocations=18 (full 2):
 PSYoungGen      total 178176K, used 167536K [0x00000000e1180000, 0x00000000f0e80000, 0x0000000100000000)
  eden space 167424K, 100% used [0x00000000e1180000,0x00000000eb500000,0x00000000eb500000)
  from space 10752K, 1% used [0x00000000eb500000,0x00000000eb51c010,0x00000000ebf80000)
  to   space 11264K, 0% used [0x00000000f0380000,0x00000000f0380000,0x00000000f0e80000)
 ParOldGen       total 51712K, used 30074K [0x00000000a3400000, 0x00000000a6680000, 0x00000000e1180000)
  object space 51712K, 58% used [0x00000000a3400000,0x00000000a515e850,0x00000000a6680000)
 Metaspace       used 54704K, capacity 56148K, committed 56320K, reserved 1097728K
  class space    used 7228K, capacity 7616K, committed 7680K, reserved 1048576K
Event: 103.836 GC heap after
Heap after GC invocations=18 (full 2):
 PSYoungGen      total 241664K, used 11245K [0x00000000e1180000, 0x00000000f0e80000, 0x0000000100000000)
  eden space 230400K, 0% used [0x00000000e1180000,0x00000000e1180000,0x00000000ef280000)
  from space 11264K, 99% used [0x00000000f0380000,0x00000000f0e7b668,0x00000000f0e80000)
  to   space 13312K, 0% used [0x00000000ef480000,0x00000000ef480000,0x00000000f0180000)
 ParOldGen       total 51712K, used 30424K [0x00000000a3400000, 0x00000000a6680000, 0x00000000e1180000)
  object space 51712K, 58% used [0x00000000a3400000,0x00000000a51b6320,0x00000000a6680000)
 Metaspace       used 54704K, capacity 56148K, committed 56320K, reserved 1097728K
  class space    used 7228K, capacity 7616K, committed 7680K, reserved 1048576K
}
Event: 117.625 GC heap before
{Heap before GC invocations=19 (full 2):
 PSYoungGen      total 241664K, used 100024K [0x00000000e1180000, 0x00000000f0e80000, 0x0000000100000000)
  eden space 230400K, 38% used [0x00000000e1180000,0x00000000e6832bc0,0x00000000ef280000)
  from space 11264K, 99% used [0x00000000f0380000,0x00000000f0e7b668,0x00000000f0e80000)
  to   space 13312K, 0% used [0x00000000ef480000,0x00000000ef480000,0x00000000f0180000)
 ParOldGen       total 51712K, used 30424K [0x00000000a3400000, 0x00000000a6680000, 0x00000000e1180000)
  object space 51712K, 58% used [0x00000000a3400000,0x00000000a51b6320,0x00000000a6680000)
 Metaspace       used 57299K, capacity 58894K, committed 59008K, reserved 1099776K
  class space    used 7529K, capacity 7953K, committed 8064K, reserved 1048576K

