# JRE version: OpenJDK Runtime Environment (8.0_152-b02) (build 1.8.0_152-release-1024-b02)
# Java VM: OpenJDK 64-Bit Server VM (25.152-b02 mixed mode windows-amd64 compressed oops)
Heap:
 PSYoungGen      total 45568K, used 44414K [0x00000000eab00000, 0x00000000eee80000, 0x0000000100000000)
  eden space 36864K, 100% used [0x00000000eab00000,0x00000000ecf00000,0x00000000ecf00000)
  from space 8704K, 86% used [0x00000000ecf00000,0x00000000ed65f9e0,0x00000000ed780000)
  to   space 9728K, 44% used [0x00000000ee500000,0x00000000ee930010,0x00000000eee80000)
 ParOldGen       total 50688K, used 13210K [0x00000000c0000000, 0x00000000c3180000, 0x00000000eab00000)
  object space 50688K, 26% used [0x00000000c0000000,0x00000000c0ce6a60,0x00000000c3180000)
 Metaspace       used 31997K, capacity 32790K, committed 32944K, reserved 1077248K
  class space    used 4239K, capacity 4470K, committed 4528K, reserved 1048576K
GC Heap History (10 events):
Event: 14.225 GC heap after
Heap after GC invocations=6 (full 1):
 PSYoungGen      total 27648K, used 0K [0x00000000eab00000, 0x00000000ed480000, 0x0000000100000000)
  eden space 24064K, 0% used [0x00000000eab00000,0x00000000eab00000,0x00000000ec280000)
  from space 3584K, 0% used [0x00000000ec300000,0x00000000ec300000,0x00000000ec680000)
  to   space 9216K, 0% used [0x00000000ecb80000,0x00000000ecb80000,0x00000000ed480000)
 ParOldGen       total 50688K, used 10537K [0x00000000c0000000, 0x00000000c3180000, 0x00000000eab00000)
  object space 50688K, 20% used [0x00000000c0000000,0x00000000c0a4a5d0,0x00000000c3180000)
 Metaspace       used 20806K, capacity 21204K, committed 21296K, reserved 1067008K
  class space    used 2710K, capacity 2834K, committed 2864K, reserved 1048576K
}
Event: 15.986 GC heap before
{Heap before GC invocations=7 (full 1):
 PSYoungGen      total 27648K, used 24064K [0x00000000eab00000, 0x00000000ed480000, 0x0000000100000000)
  eden space 24064K, 100% used [0x00000000eab00000,0x00000000ec280000,0x00000000ec280000)
  from space 3584K, 0% used [0x00000000ec300000,0x00000000ec300000,0x00000000ec680000)
  to   space 9216K, 0% used [0x00000000ecb80000,0x00000000ecb80000,0x00000000ed480000)
 ParOldGen       total 50688K, used 10537K [0x00000000c0000000, 0x00000000c3180000, 0x00000000eab00000)
  object space 50688K, 20% used [0x00000000c0000000,0x00000000c0a4a5d0,0x00000000c3180000)
 Metaspace       used 22946K, capacity 23452K, committed 23728K, reserved 1069056K
  class space    used 3057K, capacity 3196K, committed 3248K, reserved 1048576K
Event: 15.991 GC heap after
Heap after GC invocations=7 (full 1):
 PSYoungGen      total 33280K, used 2825K [0x00000000eab00000, 0x00000000ee180000, 0x0000000100000000)
  eden space 24064K, 0% used [0x00000000eab00000,0x00000000eab00000,0x00000000ec280000)
  from space 9216K, 30% used [0x00000000ecb80000,0x00000000ece426f0,0x00000000ed480000)
  to   space 9216K, 0% used [0x00000000ec280000,0x00000000ec280000,0x00000000ecb80000)
 ParOldGen       total 50688K, used 10545K [0x00000000c0000000, 0x00000000c3180000, 0x00000000eab00000)
  object space 50688K, 20% used [0x00000000c0000000,0x00000000c0a4c5d0,0x00000000c3180000)
 Metaspace       used 22946K, capacity 23452K, committed 23728K, reserved 1069056K
  class space    used 3057K, capacity 3196K, committed 3248K, reserved 1048576K
}
Event: 17.220 GC heap before
{Heap before GC invocations=8 (full 1):
 PSYoungGen      total 33280K, used 26889K [0x00000000eab00000, 0x00000000ee180000, 0x0000000100000000)
  eden space 24064K, 100% used [0x00000000eab00000,0x00000000ec280000,0x00000000ec280000)
  from space 9216K, 30% used [0x00000000ecb80000,0x00000000ece426f0,0x00000000ed480000)
  to   space 9216K, 0% used [0x00000000ec280000,0x00000000ec280000,0x00000000ecb80000)
 ParOldGen       total 50688K, used 10545K [0x00000000c0000000, 0x00000000c3180000, 0x00000000eab00000)
  object space 50688K, 20% used [0x00000000c0000000,0x00000000c0a4c5d0,0x00000000c3180000)
 Metaspace       used 25054K, capacity 25676K, committed 25776K, reserved 1071104K
  class space    used 3284K, capacity 3443K, committed 3504K, reserved 1048576K
Event: 17.227 GC heap after
Heap after GC invocations=8 (full 1):
 PSYoungGen      total 33280K, used 4078K [0x00000000eab00000, 0x00000000ee000000, 0x0000000100000000)
  eden space 24064K, 0% used [0x00000000eab00000,0x00000000eab00000,0x00000000ec280000)
  from space 9216K, 44% used [0x00000000ec280000,0x00000000ec67ba60,0x00000000ecb80000)
  to   space 8704K, 0% used [0x00000000ed780000,0x00000000ed780000,0x00000000ee000000)
 ParOldGen       total 50688K, used 10553K [0x00000000c0000000, 0x00000000c3180000, 0x00000000eab00000)
  object space 50688K, 20% used [0x00000000c0000000,0x00000000c0a4e5d0,0x00000000c3180000)
 Metaspace       used 25054K, capacity 25676K, committed 25776K, reserved 1071104K
  class space    used 3284K, capacity 3443K, committed 3504K, reserved 1048576K
}
Event: 18.051 GC heap before
{Heap before GC invocations=9 (full 1):
 PSYoungGen      total 33280K, used 28142K [0x00000000eab00000, 0x00000000ee000000, 0x0000000100000000)
  eden space 24064K, 100% used [0x00000000eab00000,0x00000000ec280000,0x00000000ec280000)
  from space 9216K, 44% used [0x00000000ec280000,0x00000000ec67ba60,0x00000000ecb80000)
  to   space 8704K, 0% used [0x00000000ed780000,0x00000000ed780000,0x00000000ee000000)
 ParOldGen       total 50688K, used 10553K [0x00000000c0000000, 0x00000000c3180000, 0x00000000eab00000)
  object space 50688K, 20% used [0x00000000c0000000,0x00000000c0a4e5d0,0x00000000c3180000)
 Metaspace       used 26743K, capacity 27368K, committed 27568K, reserved 1073152K
  class space    used 3586K, capacity 3750K, committed 3760K, reserved 1048576K
Event: 18.063 GC heap after
Heap after GC invocations=9 (full 1):
 PSYoungGen      total 45568K, used 6066K [0x00000000eab00000, 0x00000000ee180000, 0x0000000100000000)
  eden space 36864K, 0% used [0x00000000eab00000,0x00000000eab00000,0x00000000ecf00000)
  from space 8704K, 69% used [0x00000000ed780000,0x00000000edd6c9e8,0x00000000ee000000)
  to   space 8704K, 0% used [0x00000000ecf00000,0x00000000ecf00000,0x00000000ed780000)
 ParOldGen       total 50688K, used 10553K [0x00000000c0000000, 0x00000000c3180000, 0x00000000eab00000)
  object space 50688K, 20% used [0x00000000c0000000,0x00000000c0a4e5d0,0x00000000c3180000)
 Metaspace       used 26743K, capacity 27368K, committed 27568K, reserved 1073152K
  class space    used 3586K, capacity 3750K, committed 3760K, reserved 1048576K
}
Event: 20.293 GC heap before
{Heap before GC invocations=10 (full 1):
 PSYoungGen      total 45568K, used 42930K [0x00000000eab00000, 0x00000000ee180000, 0x0000000100000000)
  eden space 36864K, 100% used [0x00000000eab00000,0x00000000ecf00000,0x00000000ecf00000)
  from space 8704K, 69% used [0x00000000ed780000,0x00000000edd6c9e8,0x00000000ee000000)
  to   space 8704K, 0% used [0x00000000ecf00000,0x00000000ecf00000,0x00000000ed780000)
 ParOldGen       total 50688K, used 10553K [0x00000000c0000000, 0x00000000c3180000, 0x00000000eab00000)
  object space 50688K, 20% used [0x00000000c0000000,0x00000000c0a4e5d0,0x00000000c3180000)
 Metaspace       used 29098K, capacity 29776K, committed 30000K, reserved 1075200K
  class space    used 3893K, capacity 4081K, committed 4144K, reserved 1048576K
Event: 20.307 GC heap after
Heap after GC invocations=10 (full 1):
 PSYoungGen      total 45568K, used 7550K [0x00000000eab00000, 0x00000000eee80000, 0x0000000100000000)
  eden space 36864K, 0% used [0x00000000eab00000,0x00000000eab00000,0x00000000ecf00000)
  from space 8704K, 86% used [0x00000000ecf00000,0x00000000ed65f9e0,0x00000000ed780000)
  to   space 9728K, 0% used [0x00000000ee500000,0x00000000ee500000,0x00000000eee80000)
 ParOldGen       total 50688K, used 10561K [0x00000000c0000000, 0x00000000c3180000, 0x00000000eab00000)
  object space 50688K, 20% used [0x00000000c0000000,0x00000000c0a505d0,0x00000000c3180000)
 Metaspace       used 29098K, capacity 29776K, committed 30000K, reserved 1075200K
  class space    used 3893K, capacity 4081K, committed 4144K, reserved 1048576K
}
Event: 21.906 GC heap before
{Heap before GC invocations=11 (full 1):
 PSYoungGen      total 45568K, used 44414K [0x00000000eab00000, 0x00000000eee80000, 0x0000000100000000)
  eden space 36864K, 100% used [0x00000000eab00000,0x00000000ecf00000,0x00000000ecf00000)
  from space 8704K, 86% used [0x00000000ecf00000,0x00000000ed65f9e0,0x00000000ed780000)
  to   space 9728K, 0% used [0x00000000ee500000,0x00000000ee500000,0x00000000eee80000)
 ParOldGen       total 50688K, used 10561K [0x00000000c0000000, 0x00000000c3180000, 0x00000000eab00000)
  object space 50688K, 20% used [0x00000000c0000000,0x00000000c0a505d0,0x00000000c3180000)
 Metaspace       used 31997K, capacity 32790K, committed 32944K, reserved 1077248K
  class space    used 4239K, capacity 4470K, committed 4528K, reserved 1048576K

