# JRE version: Java(TM) SE Runtime Environment (8.0_161-b12) (build 1.8.0_161-b12)
# Java VM: Java HotSpot(TM) 64-Bit Server VM (25.161-b12 mixed mode windows-amd64 compressed oops)
Heap:
 PSYoungGen      total 124416K, used 32290K [0x00000000e1180000, 0x00000000eb480000, 0x0000000100000000)
  eden space 112128K, 17% used [0x00000000e1180000,0x00000000e250ee38,0x00000000e7f00000)
  from space 12288K, 99% used [0x00000000e7f00000,0x00000000e8af9c70,0x00000000e8b00000)
  to   space 14336K, 0% used [0x00000000ea680000,0x00000000ea680000,0x00000000eb480000)
 ParOldGen       total 89600K, used 20204K [0x00000000a3400000, 0x00000000a8b80000, 0x00000000e1180000)
  object space 89600K, 22% used [0x00000000a3400000,0x00000000a47bb3a8,0x00000000a8b80000)
 Metaspace       used 47722K, capacity 49140K, committed 49152K, reserved 1091584K
  class space    used 6547K, capacity 6906K, committed 6912K, reserved 1048576K
GC Heap History (10 events):
Event: 21.934 GC heap before
{Heap before GC invocations=9 (full 1):
 PSYoungGen      total 84992K, used 84731K [0x00000000e1180000, 0x00000000e7c00000, 0x0000000100000000)
  eden space 77824K, 100% used [0x00000000e1180000,0x00000000e5d80000,0x00000000e5d80000)
  from space 7168K, 96% used [0x00000000e6d80000,0x00000000e743ee98,0x00000000e7480000)
  to   space 7680K, 0% used [0x00000000e7480000,0x00000000e7480000,0x00000000e7c00000)
 ParOldGen       total 58880K, used 10104K [0x00000000a3400000, 0x00000000a6d80000, 0x00000000e1180000)
  object space 58880K, 17% used [0x00000000a3400000,0x00000000a3dde0f0,0x00000000a6d80000)
 Metaspace       used 34186K, capacity 34662K, committed 35072K, reserved 1079296K
  class space    used 4659K, capacity 4806K, committed 4864K, reserved 1048576K
Event: 21.973 GC heap after
Heap after GC invocations=9 (full 1):
 PSYoungGen      total 96768K, used 7663K [0x00000000e1180000, 0x00000000e8780000, 0x0000000100000000)
  eden space 89088K, 0% used [0x00000000e1180000,0x00000000e1180000,0x00000000e6880000)
  from space 7680K, 99% used [0x00000000e7480000,0x00000000e7bfbe08,0x00000000e7c00000)
  to   space 12288K, 0% used [0x00000000e6880000,0x00000000e6880000,0x00000000e7480000)
 ParOldGen       total 58880K, used 14462K [0x00000000a3400000, 0x00000000a6d80000, 0x00000000e1180000)
  object space 58880K, 24% used [0x00000000a3400000,0x00000000a421f978,0x00000000a6d80000)
 Metaspace       used 34186K, capacity 34662K, committed 35072K, reserved 1079296K
  class space    used 4659K, capacity 4806K, committed 4864K, reserved 1048576K
}
Event: 22.762 GC heap before
{Heap before GC invocations=10 (full 1):
 PSYoungGen      total 96768K, used 21788K [0x00000000e1180000, 0x00000000e8780000, 0x0000000100000000)
  eden space 89088K, 15% used [0x00000000e1180000,0x00000000e1f4b5b0,0x00000000e6880000)
  from space 7680K, 99% used [0x00000000e7480000,0x00000000e7bfbe08,0x00000000e7c00000)
  to   space 12288K, 0% used [0x00000000e6880000,0x00000000e6880000,0x00000000e7480000)
 ParOldGen       total 58880K, used 14462K [0x00000000a3400000, 0x00000000a6d80000, 0x00000000e1180000)
  object space 58880K, 24% used [0x00000000a3400000,0x00000000a421f978,0x00000000a6d80000)
 Metaspace       used 34596K, capacity 35140K, committed 35456K, reserved 1079296K
  class space    used 4731K, capacity 4899K, committed 4992K, reserved 1048576K
Event: 22.831 GC heap after
Heap after GC invocations=10 (full 1):
 PSYoungGen      total 101376K, used 10223K [0x00000000e1180000, 0x00000000e9800000, 0x0000000100000000)
  eden space 89088K, 0% used [0x00000000e1180000,0x00000000e1180000,0x00000000e6880000)
  from space 12288K, 83% used [0x00000000e6880000,0x00000000e727be08,0x00000000e7480000)
  to   space 12800K, 0% used [0x00000000e8b80000,0x00000000e8b80000,0x00000000e9800000)
 ParOldGen       total 58880K, used 14462K [0x00000000a3400000, 0x00000000a6d80000, 0x00000000e1180000)
  object space 58880K, 24% used [0x00000000a3400000,0x00000000a421f978,0x00000000a6d80000)
 Metaspace       used 34596K, capacity 35140K, committed 35456K, reserved 1079296K
  class space    used 4731K, capacity 4899K, committed 4992K, reserved 1048576K
}
Event: 22.831 GC heap before
{Heap before GC invocations=11 (full 2):
 PSYoungGen      total 101376K, used 10223K [0x00000000e1180000, 0x00000000e9800000, 0x0000000100000000)
  eden space 89088K, 0% used [0x00000000e1180000,0x00000000e1180000,0x00000000e6880000)
  from space 12288K, 83% used [0x00000000e6880000,0x00000000e727be08,0x00000000e7480000)
  to   space 12800K, 0% used [0x00000000e8b80000,0x00000000e8b80000,0x00000000e9800000)
 ParOldGen       total 58880K, used 14462K [0x00000000a3400000, 0x00000000a6d80000, 0x00000000e1180000)
  object space 58880K, 24% used [0x00000000a3400000,0x00000000a421f978,0x00000000a6d80000)
 Metaspace       used 34596K, capacity 35140K, committed 35456K, reserved 1079296K
  class space    used 4731K, capacity 4899K, committed 4992K, reserved 1048576K
Event: 23.182 GC heap after
Heap after GC invocations=11 (full 2):
 PSYoungGen      total 101376K, used 0K [0x00000000e1180000, 0x00000000e9800000, 0x0000000100000000)
  eden space 89088K, 0% used [0x00000000e1180000,0x00000000e1180000,0x00000000e6880000)
  from space 12288K, 0% used [0x00000000e6880000,0x00000000e6880000,0x00000000e7480000)
  to   space 12800K, 0% used [0x00000000e8b80000,0x00000000e8b80000,0x00000000e9800000)
 ParOldGen       total 89600K, used 18540K [0x00000000a3400000, 0x00000000a8b80000, 0x00000000e1180000)
  object space 89600K, 20% used [0x00000000a3400000,0x00000000a461b210,0x00000000a8b80000)
 Metaspace       used 34596K, capacity 35140K, committed 35456K, reserved 1079296K
  class space    used 4731K, capacity 4899K, committed 4992K, reserved 1048576K
}
Event: 27.278 GC heap before
{Heap before GC invocations=12 (full 2):
 PSYoungGen      total 101376K, used 89088K [0x00000000e1180000, 0x00000000e9800000, 0x0000000100000000)
  eden space 89088K, 100% used [0x00000000e1180000,0x00000000e6880000,0x00000000e6880000)
  from space 12288K, 0% used [0x00000000e6880000,0x00000000e6880000,0x00000000e7480000)
  to   space 12800K, 0% used [0x00000000e8b80000,0x00000000e8b80000,0x00000000e9800000)
 ParOldGen       total 89600K, used 18540K [0x00000000a3400000, 0x00000000a8b80000, 0x00000000e1180000)
  object space 89600K, 20% used [0x00000000a3400000,0x00000000a461b210,0x00000000a8b80000)
 Metaspace       used 41935K, capacity 42736K, committed 43136K, reserved 1087488K
  class space    used 5701K, capacity 5951K, committed 6016K, reserved 1048576K
Event: 27.298 GC heap after
Heap after GC invocations=12 (full 2):
 PSYoungGen      total 123904K, used 7358K [0x00000000e1180000, 0x00000000e9700000, 0x0000000100000000)
  eden space 112128K, 0% used [0x00000000e1180000,0x00000000e1180000,0x00000000e7f00000)
  from space 11776K, 62% used [0x00000000e8b80000,0x00000000e92af968,0x00000000e9700000)
  to   space 12288K, 0% used [0x00000000e7f00000,0x00000000e7f00000,0x00000000e8b00000)
 ParOldGen       total 89600K, used 18548K [0x00000000a3400000, 0x00000000a8b80000, 0x00000000e1180000)
  object space 89600K, 20% used [0x00000000a3400000,0x00000000a461d210,0x00000000a8b80000)
 Metaspace       used 41935K, capacity 42736K, committed 43136K, reserved 1087488K
  class space    used 5701K, capacity 5951K, committed 6016K, reserved 1048576K
}
Event: 31.259 GC heap before
{Heap before GC invocations=13 (full 2):
 PSYoungGen      total 123904K, used 119486K [0x00000000e1180000, 0x00000000e9700000, 0x0000000100000000)
  eden space 112128K, 100% used [0x00000000e1180000,0x00000000e7f00000,0x00000000e7f00000)
  from space 11776K, 62% used [0x00000000e8b80000,0x00000000e92af968,0x00000000e9700000)
  to   space 12288K, 0% used [0x00000000e7f00000,0x00000000e7f00000,0x00000000e8b00000)
 ParOldGen       total 89600K, used 18548K [0x00000000a3400000, 0x00000000a8b80000, 0x00000000e1180000)
  object space 89600K, 20% used [0x00000000a3400000,0x00000000a461d210,0x00000000a8b80000)
 Metaspace       used 47175K, capacity 48404K, committed 48640K, reserved 1091584K
  class space    used 6465K, capacity 6818K, committed 6912K, reserved 1048576K
Event: 31.288 GC heap after
Heap after GC invocations=13 (full 2):
 PSYoungGen      total 124416K, used 12263K [0x00000000e1180000, 0x00000000eb480000, 0x0000000100000000)
  eden space 112128K, 0% used [0x00000000e1180000,0x00000000e1180000,0x00000000e7f00000)
  from space 12288K, 99% used [0x00000000e7f00000,0x00000000e8af9c70,0x00000000e8b00000)
  to   space 14336K, 0% used [0x00000000ea680000,0x00000000ea680000,0x00000000eb480000)
 ParOldGen       total 89600K, used 20204K [0x00000000a3400000, 0x00000000a8b80000, 0x00000000e1180000)
  object space 89600K, 22% used [0x00000000a3400000,0x00000000a47bb3a8,0x00000000a8b80000)
 Metaspace       used 47175K, capacity 48404K, committed 48640K, reserved 1091584K
  class space    used 6465K, capacity 6818K, committed 6912K, reserved 1048576K
}

