# JRE version: Java(TM) SE Runtime Environment (8.0_161-b12) (build 1.8.0_161-b12)
# Java VM: Java HotSpot(TM) 64-Bit Server VM (25.161-b12 mixed mode windows-amd64 compressed oops)
Heap:
 PSYoungGen      total 58368K, used 18472K [0x00000000e1180000, 0x00000000e7500000, 0x0000000100000000)
  eden space 50176K, 26% used [0x00000000e1180000,0x00000000e1e62048,0x00000000e4280000)
  from space 8192K, 64% used [0x00000000e4a80000,0x00000000e4fa80b0,0x00000000e5280000)
  to   space 8192K, 0% used [0x00000000e4280000,0x00000000e4280000,0x00000000e4a80000)
 ParOldGen       total 42496K, used 8266K [0x00000000a3400000, 0x00000000a5d80000, 0x00000000e1180000)
  object space 42496K, 19% used [0x00000000a3400000,0x00000000a3c12828,0x00000000a5d80000)
 Metaspace       used 28694K, capacity 29252K, committed 29568K, reserved 1075200K
  class space    used 3953K, capacity 4141K, committed 4224K, reserved 1048576K
GC Heap History (10 events):
Event: 16.628 GC heap before
{Heap before GC invocations=5 (full 0):
 PSYoungGen      total 28160K, used 28160K [0x00000000e1180000, 0x00000000e3080000, 0x0000000100000000)
  eden space 24576K, 100% used [0x00000000e1180000,0x00000000e2980000,0x00000000e2980000)
  from space 3584K, 100% used [0x00000000e2d00000,0x00000000e3080000,0x00000000e3080000)
  to   space 3584K, 0% used [0x00000000e2980000,0x00000000e2980000,0x00000000e2d00000)
 ParOldGen       total 64512K, used 8164K [0x00000000a3400000, 0x00000000a7300000, 0x00000000e1180000)
  object space 64512K, 12% used [0x00000000a3400000,0x00000000a3bf93d8,0x00000000a7300000)
 Metaspace       used 19945K, capacity 20232K, committed 20480K, reserved 1067008K
  class space    used 2706K, capacity 2797K, committed 2816K, reserved 1048576K
Event: 16.640 GC heap after
Heap after GC invocations=5 (full 0):
 PSYoungGen      total 28160K, used 3568K [0x00000000e1180000, 0x00000000e5380000, 0x0000000100000000)
  eden space 24576K, 0% used [0x00000000e1180000,0x00000000e1180000,0x00000000e2980000)
  from space 3584K, 99% used [0x00000000e2980000,0x00000000e2cfc010,0x00000000e2d00000)
  to   space 9216K, 0% used [0x00000000e4a80000,0x00000000e4a80000,0x00000000e5380000)
 ParOldGen       total 64512K, used 11246K [0x00000000a3400000, 0x00000000a7300000, 0x00000000e1180000)
  object space 64512K, 17% used [0x00000000a3400000,0x00000000a3efba78,0x00000000a7300000)
 Metaspace       used 19945K, capacity 20232K, committed 20480K, reserved 1067008K
  class space    used 2706K, capacity 2797K, committed 2816K, reserved 1048576K
}
Event: 16.997 GC heap before
{Heap before GC invocations=6 (full 0):
 PSYoungGen      total 28160K, used 15367K [0x00000000e1180000, 0x00000000e5380000, 0x0000000100000000)
  eden space 24576K, 48% used [0x00000000e1180000,0x00000000e1d05e10,0x00000000e2980000)
  from space 3584K, 99% used [0x00000000e2980000,0x00000000e2cfc010,0x00000000e2d00000)
  to   space 9216K, 0% used [0x00000000e4a80000,0x00000000e4a80000,0x00000000e5380000)
 ParOldGen       total 64512K, used 11246K [0x00000000a3400000, 0x00000000a7300000, 0x00000000e1180000)
  object space 64512K, 17% used [0x00000000a3400000,0x00000000a3efba78,0x00000000a7300000)
 Metaspace       used 20929K, capacity 21152K, committed 21296K, reserved 1067008K
  class space    used 2870K, capacity 2932K, committed 2944K, reserved 1048576K
Event: 17.015 GC heap after
Heap after GC invocations=6 (full 0):
 PSYoungGen      total 57344K, used 5077K [0x00000000e1180000, 0x00000000e5280000, 0x0000000100000000)
  eden space 49152K, 0% used [0x00000000e1180000,0x00000000e1180000,0x00000000e4180000)
  from space 8192K, 61% used [0x00000000e4a80000,0x00000000e4f75738,0x00000000e5280000)
  to   space 8704K, 0% used [0x00000000e4180000,0x00000000e4180000,0x00000000e4a00000)
 ParOldGen       total 64512K, used 11246K [0x00000000a3400000, 0x00000000a7300000, 0x00000000e1180000)
  object space 64512K, 17% used [0x00000000a3400000,0x00000000a3efba78,0x00000000a7300000)
 Metaspace       used 20929K, capacity 21152K, committed 21296K, reserved 1067008K
  class space    used 2870K, capacity 2932K, committed 2944K, reserved 1048576K
}
Event: 17.015 GC heap before
{Heap before GC invocations=7 (full 1):
 PSYoungGen      total 57344K, used 5077K [0x00000000e1180000, 0x00000000e5280000, 0x0000000100000000)
  eden space 49152K, 0% used [0x00000000e1180000,0x00000000e1180000,0x00000000e4180000)
  from space 8192K, 61% used [0x00000000e4a80000,0x00000000e4f75738,0x00000000e5280000)
  to   space 8704K, 0% used [0x00000000e4180000,0x00000000e4180000,0x00000000e4a00000)
 ParOldGen       total 64512K, used 11246K [0x00000000a3400000, 0x00000000a7300000, 0x00000000e1180000)
  object space 64512K, 17% used [0x00000000a3400000,0x00000000a3efba78,0x00000000a7300000)
 Metaspace       used 20929K, capacity 21152K, committed 21296K, reserved 1067008K
  class space    used 2870K, capacity 2932K, committed 2944K, reserved 1048576K
Event: 17.092 GC heap after
Heap after GC invocations=7 (full 1):
 PSYoungGen      total 57344K, used 0K [0x00000000e1180000, 0x00000000e5280000, 0x0000000100000000)
  eden space 49152K, 0% used [0x00000000e1180000,0x00000000e1180000,0x00000000e4180000)
  from space 8192K, 0% used [0x00000000e4a80000,0x00000000e4a80000,0x00000000e5280000)
  to   space 8704K, 0% used [0x00000000e4180000,0x00000000e4180000,0x00000000e4a00000)
 ParOldGen       total 42496K, used 8250K [0x00000000a3400000, 0x00000000a5d80000, 0x00000000e1180000)
  object space 42496K, 19% used [0x00000000a3400000,0x00000000a3c0e828,0x00000000a5d80000)
 Metaspace       used 20929K, capacity 21152K, committed 21296K, reserved 1067008K
  class space    used 2870K, capacity 2932K, committed 2944K, reserved 1048576K
}
Event: 18.391 GC heap before
{Heap before GC invocations=8 (full 1):
 PSYoungGen      total 57344K, used 49152K [0x00000000e1180000, 0x00000000e5280000, 0x0000000100000000)
  eden space 49152K, 100% used [0x00000000e1180000,0x00000000e4180000,0x00000000e4180000)
  from space 8192K, 0% used [0x00000000e4a80000,0x00000000e4a80000,0x00000000e5280000)
  to   space 8704K, 0% used [0x00000000e4180000,0x00000000e4180000,0x00000000e4a00000)
 ParOldGen       total 42496K, used 8250K [0x00000000a3400000, 0x00000000a5d80000, 0x00000000e1180000)
  object space 42496K, 19% used [0x00000000a3400000,0x00000000a3c0e828,0x00000000a5d80000)
 Metaspace       used 25283K, capacity 25660K, committed 25984K, reserved 1071104K
  class space    used 3550K, capacity 3687K, committed 3712K, reserved 1048576K
Event: 18.398 GC heap after
Heap after GC invocations=8 (full 1):
 PSYoungGen      total 57856K, used 5023K [0x00000000e1180000, 0x00000000e5280000, 0x0000000100000000)
  eden space 49152K, 0% used [0x00000000e1180000,0x00000000e1180000,0x00000000e4180000)
  from space 8704K, 57% used [0x00000000e4180000,0x00000000e4667ce8,0x00000000e4a00000)
  to   space 8192K, 0% used [0x00000000e4a80000,0x00000000e4a80000,0x00000000e5280000)
 ParOldGen       total 42496K, used 8258K [0x00000000a3400000, 0x00000000a5d80000, 0x00000000e1180000)
  object space 42496K, 19% used [0x00000000a3400000,0x00000000a3c10828,0x00000000a5d80000)
 Metaspace       used 25283K, capacity 25660K, committed 25984K, reserved 1071104K
  class space    used 3550K, capacity 3687K, committed 3712K, reserved 1048576K
}
Event: 22.409 GC heap before
{Heap before GC invocations=9 (full 1):
 PSYoungGen      total 57856K, used 54175K [0x00000000e1180000, 0x00000000e5280000, 0x0000000100000000)
  eden space 49152K, 100% used [0x00000000e1180000,0x00000000e4180000,0x00000000e4180000)
  from space 8704K, 57% used [0x00000000e4180000,0x00000000e4667ce8,0x00000000e4a00000)
  to   space 8192K, 0% used [0x00000000e4a80000,0x00000000e4a80000,0x00000000e5280000)
 ParOldGen       total 42496K, used 8258K [0x00000000a3400000, 0x00000000a5d80000, 0x00000000e1180000)
  object space 42496K, 19% used [0x00000000a3400000,0x00000000a3c10828,0x00000000a5d80000)
 Metaspace       used 27313K, capacity 27736K, committed 28032K, reserved 1073152K
  class space    used 3776K, capacity 3931K, committed 3968K, reserved 1048576K
Event: 22.421 GC heap after
Heap after GC invocations=9 (full 1):
 PSYoungGen      total 58368K, used 5280K [0x00000000e1180000, 0x00000000e7500000, 0x0000000100000000)
  eden space 50176K, 0% used [0x00000000e1180000,0x00000000e1180000,0x00000000e4280000)
  from space 8192K, 64% used [0x00000000e4a80000,0x00000000e4fa80b0,0x00000000e5280000)
  to   space 8192K, 0% used [0x00000000e4280000,0x00000000e4280000,0x00000000e4a80000)
 ParOldGen       total 42496K, used 8266K [0x00000000a3400000, 0x00000000a5d80000, 0x00000000e1180000)
  object space 42496K, 19% used [0x00000000a3400000,0x00000000a3c12828,0x00000000a5d80000)
 Metaspace       used 27313K, capacity 27736K, committed 28032K, reserved 1073152K
  class space    used 3776K, capacity 3931K, committed 3968K, reserved 1048576K
}

